<?xml version="1.0" encoding="UTF-8" ?>
<testsuite tests="3" failures="3" name="lab7.Lab7NewTest" time="16.489" errors="0" skipped="0">
  <properties>
[...]
</properties>
  <testcase classname="lab7.Lab7NewTest" name="login" time="16.277">
    <failure message="
Method public void lab7.Lab7NewTest.login(java.lang.String,java.lang.String) requires a @DataProvider named : LogIn" type="org.testng.TestNGException">org.testng.TestNGException: 
Method public void lab7.Lab7NewTest.login(java.lang.String,java.lang.String) requires a @DataProvider named : LogIn
	at org.testng.internal.Parameters.findDataProvider(Parameters.java:526)
	at org.testng.internal.Parameters.handleParameters(Parameters.java:763)
	at org.testng.internal.Parameters.handleParameters(Parameters.java:728)
	at org.testng.internal.invokers.ParameterHandler.handleParameters(ParameterHandler.java:72)
	at org.testng.internal.invokers.ParameterHandler.createParameters(ParameterHandler.java:51)
	at org.testng.internal.invokers.TestInvoker$MethodInvocationAgent.invoke(TestInvoker.java:917)
	at org.testng.internal.invokers.TestInvoker.invokeTestMethods(TestInvoker.java:194)
	at org.testng.internal.invokers.TestMethodWorker.invokeTestMethods(TestMethodWorker.java:148)
	at org.testng.internal.invokers.TestMethodWorker.run(TestMethodWorker.java:128)
	at java.base/java.util.ArrayList.forEach(ArrayList.java:1511)
	at org.testng.TestRunner.privateRun(TestRunner.java:806)
	at org.testng.TestRunner.run(TestRunner.java:601)
	at org.testng.SuiteRunner.runTest(SuiteRunner.java:433)
	at org.testng.SuiteRunner.runSequentially(SuiteRunner.java:427)
	at org.testng.SuiteRunner.privateRun(SuiteRunner.java:387)
	at org.testng.SuiteRunner.run(SuiteRunner.java:330)
	at org.testng.SuiteRunnerWorker.runSuite(SuiteRunnerWorker.java:52)
	at org.testng.SuiteRunnerWorker.run(SuiteRunnerWorker.java:95)
	at org.testng.TestNG.runSuitesSequentially(TestNG.java:1256)
	at org.testng.TestNG.runSuitesLocally(TestNG.java:1176)
	at org.testng.TestNG.runSuites(TestNG.java:1099)
	at org.testng.TestNG.run(TestNG.java:1067)
	at org.apache.maven.surefire.testng.TestNGExecutor.run(TestNGExecutor.java:77)
	at org.apache.maven.surefire.testng.TestNGDirectoryTestSuite.execute(TestNGDirectoryTestSuite.java:110)
	at org.apache.maven.surefire.testng.TestNGProvider.invoke(TestNGProvider.java:106)
	at java.base/jdk.internal.reflect.DirectMethodHandleAccessor.invoke(DirectMethodHandleAccessor.java:104)
	at java.base/java.lang.reflect.Method.invoke(Method.java:577)
	at org.apache.maven.surefire.util.ReflectionUtils.invokeMethodWithArray(ReflectionUtils.java:189)
	at org.apache.maven.surefire.booter.ProviderFactory$ProviderProxy.invoke(ProviderFactory.java:165)
	at org.apache.maven.surefire.booter.ProviderFactory.invokeProvider(ProviderFactory.java:85)
	at org.apache.maven.surefire.booter.ForkedBooter.runSuitesInProcess(ForkedBooter.java:115)
	at org.apache.maven.surefire.booter.ForkedBooter.main(ForkedBooter.java:75)
</failure>
    <system-out>Configuring TestNG with: org.apache.maven.surefire.testng.conf.TestNG652Configurator@3cda1055
</system-out>
    <system-err>SLF4J: Failed to load class &quot;org.slf4j.impl.StaticLoggerBinder&quot;.
SLF4J: Defaulting to no-operation (NOP) logger implementation
SLF4J: See http://www.slf4j.org/codes.html#StaticLoggerBinder for further details.
Starting ChromeDriver 103.0.5060.134 (8ec6fce403b3feb0869b0732eda8bd95011d333c-refs/branch-heads/5060@{#1262}) on port 63494
Only local connections are allowed.
Please see https://chromedriver.chromium.org/security-considerations for suggestions on keeping ChromeDriver safe.
ChromeDriver was started successfully.
[1661404002.505][WARNING]: This version of ChromeDriver has not been tested with Chrome version 104.
Aug 24, 2022 11:06:43 PM org.openqa.selenium.remote.ProtocolHandshake createSession
INFO: Detected upstream dialect: W3C
Aug 24, 2022 11:06:43 PM org.openqa.selenium.devtools.CdpVersionFinder findNearestMatch
WARNING: Unable to find an exact match for CDP version 104, so returning the closest version found: 103
Aug 24, 2022 11:06:43 PM org.openqa.selenium.devtools.CdpVersionFinder findNearestMatch
INFO: Found CDP implementation for version 104 of 103
</system-err>
  </testcase>
  <testcase classname="lab7.Lab7NewTest" name="patientadd" time="0.171">
    <failure message="No frame element found by name or id fraCureMD_Menu
Build info: version: &apos;4.3.0&apos;, revision: &apos;a4995e2c09*&apos;
System info: host: &apos;CMDLHRLT715&apos;, ip: &apos;172.16.100.39&apos;, os.name: &apos;Windows 10&apos;, os.arch: &apos;amd64&apos;, os.version: &apos;10.0&apos;, java.version: &apos;18.0.1.1&apos;
Driver info: driver.version: unknown" type="org.openqa.selenium.NoSuchFrameException">org.openqa.selenium.NoSuchFrameException: No frame element found by name or id fraCureMD_Menu
Build info: version: &apos;4.3.0&apos;, revision: &apos;a4995e2c09*&apos;
System info: host: &apos;CMDLHRLT715&apos;, ip: &apos;172.16.100.39&apos;, os.name: &apos;Windows 10&apos;, os.arch: &apos;amd64&apos;, os.version: &apos;10.0&apos;, java.version: &apos;18.0.1.1&apos;
Driver info: driver.version: unknown
	at org.openqa.selenium.remote.RemoteWebDriver$RemoteTargetLocator.frame(RemoteWebDriver.java:1088)
	at lab7.Lab7NewTest.patientadd(Lab7NewTest.java:56)
</failure>
  </testcase>
  <testcase classname="lab7.Lab7NewTest" name="putdetails" time="0.041">
    <failure message="No frame element found by name or id fraCureMD_Body
Build info: version: &apos;4.3.0&apos;, revision: &apos;a4995e2c09*&apos;
System info: host: &apos;CMDLHRLT715&apos;, ip: &apos;172.16.100.39&apos;, os.name: &apos;Windows 10&apos;, os.arch: &apos;amd64&apos;, os.version: &apos;10.0&apos;, java.version: &apos;18.0.1.1&apos;
Driver info: driver.version: unknown" type="org.openqa.selenium.NoSuchFrameException">org.openqa.selenium.NoSuchFrameException: No frame element found by name or id fraCureMD_Body
Build info: version: &apos;4.3.0&apos;, revision: &apos;a4995e2c09*&apos;
System info: host: &apos;CMDLHRLT715&apos;, ip: &apos;172.16.100.39&apos;, os.name: &apos;Windows 10&apos;, os.arch: &apos;amd64&apos;, os.version: &apos;10.0&apos;, java.version: &apos;18.0.1.1&apos;
Driver info: driver.version: unknown
	at org.openqa.selenium.remote.RemoteWebDriver$RemoteTargetLocator.frame(RemoteWebDriver.java:1088)
	at lab7.Lab7NewTest.putdetails(Lab7NewTest.java:66)
</failure>
  </testcase>
</testsuite>